<?xml version="1.0" encoding="UTF-8"?>
<testsuite xmlns:xsi="http://www.w3.org/2001/XMLSchema-instance" xsi:noNamespaceSchemaLocation="https://maven.apache.org/surefire/maven-surefire-plugin/xsd/surefire-test-report-3.0.xsd" version="3.0" name="Project.CheckWriterWritesCorrectFormat" time="0.026" tests="1" errors="0" skipped="1" failures="0">
  <properties>
[...]
</properties>
  <testcase name="checkHistory" classname="Project.CheckWriterWritesCorrectFormat" time="0.0">
    <skipped type="org.opentest4j.TestAbortedException"><![CDATA[org.opentest4j.TestAbortedException: Assumption failed: Skipping JavaFX-dependent test on headless server
	at org.junit.jupiter.api@5.10.1/org.junit.jupiter.api.Assumptions.throwAssumptionFailed(Assumptions.java:316)
	at org.junit.jupiter.api@5.10.1/org.junit.jupiter.api.Assumptions.assumeTrue(Assumptions.java:115)
	at TDT4100_project@0.0.1-SNAPSHOT/Project.CheckWriterWritesCorrectFormat.setUp(CheckWriterWritesCorrectFormat.java:16)
	at java.base/java.lang.reflect.Method.invoke(Method.java:580)
	at java.base/java.util.ArrayList.forEach(ArrayList.java:1596)
	at java.base/java.util.ArrayList.forEach(ArrayList.java:1596)
]]></skipped>
  </testcase>
</testsuite>